            --------------------------------------------------------
                             AMBER SQM VERSION 19
 
                                     By
              Ross C. Walker, Michael F. Crowley, Scott Brozell,
                         Tim Giese, Andreas W. Goetz,
                        Tai-Sung Lee and David A. Case
 
            --------------------------------------------------------
 

--------------------------------------------------------------------------------
  QM CALCULATION INFO
--------------------------------------------------------------------------------

| QMMM: Citation for AMBER QMMM Run:
| QMMM: R.C. Walker, M.F. Crowley and D.A. Case, J. COMP. CHEM. 29:1019, 2008

QMMM: SINGLET STATE CALCULATION
QMMM: RHF CALCULATION, NO. OF DOUBLY OCCUPIED LEVELS = 18

| QMMM: *** Selected Hamiltonian *** 
| QMMM: AM1         

| QMMM: *** Parameter sets in use ***
| QMMM: C : M.J.S.DEWAR et al. JACS, 107, 3902, (1985)
| QMMM: O : M.J.S.DEWAR et al. JACS, 107, 3902, (1985)
| QMMM: H : M.J.S.DEWAR et al. JACS, 107, 3902, (1985)

| QMMM: *** SCF convergence criteria ***
| QMMM: Energy change                :  0.1D-09 kcal/mol
| QMMM: Error matrix |FP-PF|         :  0.1D+00 au
| QMMM: Density matrix change        :  0.5D-06
| QMMM: Maximum number of SCF cycles :     1000

| QMMM: *** Diagonalization Routine Information ***
| QMMM: Pseudo diagonalizations are allowed.
| QMMM: Auto diagonalization routine selection is in use.
| QMMM:
| QMMM: Timing diagonalization routines:
| QMMM:                              norbs =       32
| QMMM:    diag iterations used for timing =       20
| QMMM:
| QMMM:              Internal diag routine = 0.001430 seconds
| QMMM:                 Dspev diag routine = 0.001634 seconds
| QMMM:                Dspevd diag routine = 0.001371 seconds
| QMMM:                Dspevx diag routine = 0.005673 seconds
| QMMM:                 Dsyev diag routine = 0.001531 seconds
| QMMM:                Dsyevd diag routine = 0.001291 seconds
| QMMM:                Dsyevr diag routine = 0.001860 seconds
| QMMM:
| QMMM:                Pseudo diag routine = 0.000315 seconds
| QMMM:
| QMMM: Using dsyevd routine (diag_routine=6).

  QMMM: QM Region Cartesian Coordinates (*=link atom) 
  QMMM: QM_NO.   MM_NO.  ATOM         X         Y         Z
  QMMM:     1        1      C        2.5560    1.2480   -0.8680
  QMMM:     2        2      C        2.5180   -0.0540   -0.0890
  QMMM:     3        3      O        2.9910   -1.1340   -0.9070
  QMMM:     4        4      C        4.3420   -1.2790   -0.9630
  QMMM:     5        5      O        5.1580   -0.5800   -0.3740
  QMMM:     6        6      C        4.7200   -2.4120   -1.8660
  QMMM:     7        7      H        2.1800    2.0760   -0.2600
  QMMM:     8        8      H        1.9460    1.1690   -1.7730
  QMMM:     9        9      H        3.5740    1.4870   -1.1920
  QMMM:    10       10      H        1.4850   -0.2870    0.1880
  QMMM:    11       11      H        3.0930    0.0160    0.8420
  QMMM:    12       12      H        3.8310   -2.9160   -2.2570
  QMMM:    13       13      H        5.3090   -3.1400   -1.3020
  QMMM:    14       14      H        5.2970   -2.0230   -2.7080

--------------------------------------------------------------------------------
  RESULTS
--------------------------------------------------------------------------------

      iter         sqm energy              rms gradient
      ----    -------------------    -----------------------
xmin    10     -102.4383 kcal/mol        0.1446 kcal/(mol*A)
xmin    20     -102.4471 kcal/mol        0.0270 kcal/(mol*A)
xmin    30     -102.4481 kcal/mol        0.0073 kcal/(mol*A)
xmin    40     -102.4482 kcal/mol        0.0039 kcal/(mol*A)
xmin    50     -102.4482 kcal/mol        0.0222 kcal/(mol*A)
xmin    60     -102.4482 kcal/mol        0.0080 kcal/(mol*A)
xmin    70     -102.4483 kcal/mol        0.0018 kcal/(mol*A)
xmin    80     -102.4483 kcal/mol        0.0015 kcal/(mol*A)
xmin    90     -102.4483 kcal/mol        0.0117 kcal/(mol*A)
xmin   100     -102.4483 kcal/mol        0.0052 kcal/(mol*A)
xmin   110     -102.4483 kcal/mol        0.0043 kcal/(mol*A)
xmin   120     -102.4483 kcal/mol        0.0011 kcal/(mol*A)
xmin   130     -102.4483 kcal/mol        0.0012 kcal/(mol*A)
xmin   140     -102.4483 kcal/mol        0.0014 kcal/(mol*A)
xmin   140     -102.4483 kcal/mol        0.0005 kcal/(mol*A)
  ... geometry converged !
 
 Final MO eigenvalues (eV):
 -40.7390  -37.0256  -32.6847  -30.6520  -24.4133  -21.4786  -18.3190  -17.3578
 -16.7851  -14.8878  -14.7083  -14.1324  -13.6485  -13.1053  -12.8552  -11.9486
 -11.5260  -11.2200    1.1530    2.1004    3.5654    3.7793    3.9444    4.0051
   4.1394    4.2651    4.3180    4.6296    4.7457    5.0065    5.5833    6.8413


 Heat of formation   =       -102.44831622 kcal/mol  (       -4.44249236 eV)

 Total SCF energy    =     -29148.12050377 kcal/mol  (    -1263.95735240 eV)
 Electronic energy   =    -105046.93899750 kcal/mol  (    -4555.17709542 eV)
 Core-core repulsion =      75898.81849372 kcal/mol  (     3291.21974302 eV)
 
    Atomic Charges for Step       1 :
  Atom    Element       Mulliken Charge
     1      C                 -0.244
     2      C                 -0.012
     3      O                 -0.282
     4      C                  0.303
     5      O                 -0.357
     6      C                 -0.219
     7      H                  0.085
     8      H                  0.084
     9      H                  0.096
    10      H                  0.103
    11      H                  0.099
    12      H                  0.113
    13      H                  0.116
    14      H                  0.116
 Total Mulliken Charge =      -0.000
 
                  X        Y        Z     TOTAL  
  QM DIPOLE    -1.066   -0.920   -0.846    1.643
 
 Final Structure

  QMMM: QM Region Cartesian Coordinates (*=link atom) 
  QMMM: QM_NO.   MM_NO.  ATOM         X         Y         Z
  QMMM:     1        1      C        2.5693    1.2746   -0.8523
  QMMM:     2        2      C        2.5239   -0.0261   -0.0890
  QMMM:     3        3      O        2.9933   -1.1135   -0.8982
  QMMM:     4        4      C        4.3443   -1.2952   -1.0072
  QMMM:     5        5      O        5.0965   -0.5279   -0.4027
  QMMM:     6        6      C        4.7049   -2.4512   -1.8742
  QMMM:     7        7      H        2.1134    2.0853   -0.2357
  QMMM:     8        8      H        2.0055    1.1882   -1.8116
  QMMM:     9        9      H        3.6279    1.5466   -1.0839
  QMMM:    10       10      H        1.4687   -0.3300    0.1482
  QMMM:    11       11      H        3.1312    0.0370    0.8516
  QMMM:    12       12      H        3.7914   -2.9783   -2.2404
  QMMM:    13       13      H        5.3361   -3.1615   -1.2862
  QMMM:    14       14      H        5.2936   -2.0769   -2.7474

           --------- Calculation Completed ----------

