============================================================================
| ACPYPE: AnteChamber PYthon Parser interfacE v. 2023.10.27 (c) 2025 AWSdS |
============================================================================
DEBUG: CLI: -p ET3A.prmtop -x ET3A.inpcrd
DEBUG: Python Version 3.12.2 | packaged by conda-forge | (main, Feb 16 2024, 20:50:58) [GCC 12.3.0]
Converting Amber input files to Gromacs ...
DEBUG: prmtop and inpcrd files loaded
DEBUG: basename defined = 'ET3A'
DEBUG: getCoords done
DEBUG: getABCOEFs done
DEBUG: charge to be balanced: total 0.0000009983
DEBUG: balanceCharges done
DEBUG: Balanced TotalCharge -0.0000000000
DEBUG: PBC = None
DEBUG: getAtoms done
DEBUG: getBonds done
DEBUG: getAngles done
DEBUG: getDihedrals done
==> Writing GROMACS files

==> Disambiguating lower and uppercase atomtypes in GMX top file, even if identical.

DEBUG: writing GRO file
DEBUG: Box size estimated
DEBUG: writing POSRE file
DEBUG: atomTypes 11
DEBUG: GMX atomtypes done
DEBUG: atoms 21
DEBUG: GMX atoms done
DEBUG: bonds 21
DEBUG: GMX bonds done
DEBUG: atomPairs 37
DEBUG: GMX pairs done
DEBUG: angles 35
DEBUG: GMX angles done
DEBUG: setProperDihedralsCoef done
DEBUG: properDihedralsCoefRB 42
DEBUG: properDihedralsAlphaGamma 0
DEBUG: properDihedralsGmx45 53
==> Writing GMX dihedrals for GMX 4.5 and higher.

DEBUG: GMX special proper dihedrals done
DEBUG: improperDihedrals 5
DEBUG: GMX improper dihedrals done
DEBUG: prmtop and inpcrd files parsed
Total time of execution: less than a second
DEBUG: No tmp folder left to be removed
